<?xml version="1.0" encoding="UTF-8"?>
<!-- Generated by org.testng.reporters.JUnitReportReporter -->
<testsuite hostname="DESKTOP-RDK9582" failures="0" tests="1" name="SeleniumPracticeProject.SeleniumPracticeProject.HRMOrange" time="25.783" errors="0" timestamp="2024-10-14T14:23:44 IST" skipped="0">
  <testcase classname="SeleniumPracticeProject.SeleniumPracticeProject.HRMOrange" name="loginTest" time="25.783"/>
  <system-out/>
</testsuite> <!-- SeleniumPracticeProject.SeleniumPracticeProject.HRMOrange -->
